<?xml version="1.0" encoding="UTF-8"?>
<!-- Generated by org.testng.reporters.JUnitReportReporter -->
<testsuite skipped="0" hostname="Ali" name="Testcase.TestCase1" tests="1" failures="0" timestamp="2021-01-28T18:48:09 EST" time="3.107" errors="0">
  <testcase name="TC1" time="3.107" classname="Testcase.TestCase1"/>
  <system-out/>
</testsuite> <!-- Testcase.TestCase1 -->
